error[E0277]: the trait `X<'_, T>` is not implemented for `T`
  --> $DIR/hr-associated-type-bound-param-6.rs:12:12
   |
LL | impl<S, T> X<'_, T> for (S,) {
   |            ^^^^^^^^ the trait `X<'_, T>` is not implemented for `T`
   |
help: consider restricting type parameter `T`
   |
LL | impl<S, T: for<'b> X<'b, T>> X<'_, T> for (S,) {
   |          ++++++++++++++++++

error[E0277]: the trait `X<'_, i32>` is not implemented for `i32`
  --> $DIR/hr-associated-type-bound-param-6.rs:18:5
   |
LL |     <(i32,) as X<i32>>::f("abc");
   |     ^^^^^^^^^^^^^^^^^^^^^^^^^^^^ the trait `X<'_, i32>` is not implemented for `i32`
   |
   = help: the trait `X<'_, T>` is implemented for `(S,)`

error[E0277]: the trait `X<'_, i32>` is not implemented for `i32`
  --> $DIR/hr-associated-type-bound-param-6.rs:18:27
   |
LL |     <(i32,) as X<i32>>::f("abc");
   |                           ^^^^^ the trait `X<'_, i32>` is not implemented for `i32`
   |
   = help: the trait `X<'_, T>` is implemented for `(S,)`

error: aborting due to 3 previous errors

For more information about this error, try `rustc --explain E0277`.
