error[E0425]: cannot find value `Rust` in this scope
  --> $DIR/unicode-confusable-typo.rs:7:13
   |
LL | struct â„ğ“Šğ“ˆğ“‰;
   | ------------ similarly named unit struct `â„ğ“Šğ“ˆğ“‰` defined here
...
LL |     let Ã¼ = Rust;
   |             ^^^^ help: a unit struct with a similar name exists: `â„ğ“Šğ“ˆğ“‰`

error[E0425]: cannot find value `u` in this scope
  --> $DIR/unicode-confusable-typo.rs:9:13
   |
LL |     let _ = u;
   |             ^ help: a local variable with a similar name exists: `Ã¼`

warning: multiple similar looking idents: `Rust`, `â„ğ“Šğ“ˆğ“‰`
  --> $DIR/unicode-confusable-typo.rs:7:13
   |
LL | struct â„ğ“Šğ“ˆğ“‰;
   |        ^^^^
...
LL |     let Ã¼ = Rust;
   |             ^^^^
   |
   = note: `#[warn(confusable_idents)]` on by default

error: aborting due to 2 previous errors

For more information about this error, try `rustc --explain E0425`.
